<?xml version="1.0" encoding="UTF-8"?>
<testng-results skipped="0" failed="0" ignored="0" total="1" passed="1">
  <reporter-output>
  </reporter-output>
  <suite name="Default suite" duration-ms="33" started-at="2020-04-27T02:15:36Z" finished-at="2020-04-27T02:15:36Z">
    <groups>
    </groups>
    <test name="Default test" duration-ms="33" started-at="2020-04-27T02:15:36Z" finished-at="2020-04-27T02:15:36Z">
      <class name="utils.TestBase">
        <test-method status="PASS" signature="initializeDriver()[pri:0, instance:utils.TestBase@29ee9faa]" name="initializeDriver" duration-ms="7" started-at="2020-04-27T02:15:36Z" finished-at="2020-04-27T02:15:36Z">
          <reporter-output>
          </reporter-output>
        </test-method> <!-- initializeDriver -->
      </class> <!-- utils.TestBase -->
    </test> <!-- Default test -->
  </suite> <!-- Default suite -->
</testng-results>
